<?xml version="1.0" encoding="UTF-8" ?>
<testsuites errors="1"
            failures="0"
            tests="1">

  <testsuite name="landingTest"
    errors="1" failures="0" hostname="" id="" package="landingTest" skipped="0"
    tests="1" time="4.359" timestamp="">
  
    <testcase name="Landing Page" classname="landingTest" time="4.359" assertions="3">

    

    
<system-out>[[ATTACHMENT|/Users/princesoni/NightWatchPageObjects/tests_output/screenshots/landingTest/Landing-Page_FAILED_Nov-28-2019-021504-GMT+0400-(Gulf-Standard.png]]</system-out>
    
    </testcase>
  

  
    <system-err>
      [0;31m  TypeError: binanceWS.ticker is not a function
   - writing an ES6 async test case? - keep in mind that commands return a Promise; 
   - writing unit tests? - make sure to specify &#34;unit_tests_mode=true&#34; in your config.[0m
[0;90m       at Object.Landing Page (/Users/princesoni/NightWatchPageObjects/tests/landingTest.js:23:23)
       at processTicksAndRejections (internal/process/task_queues.js:93:5)[0m
    </system-err>
  

  
  </testsuite>
</testsuites>
